<?xml version="1.0" encoding="UTF-8"?>
<testsuite name="SILab2Test" tests="1" skipped="0" failures="0" errors="0" timestamp="2020-06-12T01:02:57" hostname="DESKTOP-K3P40JT" time="0.036">
  <properties/>
  <testcase name="Tests()" classname="SILab2Test" time="0.036"/>
  <system-out><![CDATA[Initializing 
Done
]]></system-out>
  <system-err><![CDATA[]]></system-err>
</testsuite>
