<?xml version="1.0" encoding="UTF-8"?>
<testsuite name="SILab2Test" tests="2" skipped="0" failures="0" errors="0" timestamp="2020-06-12T13:32:29" hostname="DESKTOP-K3P40JT" time="0.036">
  <properties/>
  <testcase name="EveryBranch()" classname="SILab2Test" time="0.027"/>
  <testcase name="MultipleCondition()" classname="SILab2Test" time="0.007"/>
  <system-out><![CDATA[Initializing 
Done
]]></system-out>
  <system-err><![CDATA[]]></system-err>
</testsuite>
